File: data/inputs/sm1.txt | Method: MILP
Best value: 970.0
Mean value: 970.0
Best solution: [9, 5, 4, 0, 7, 8, 3, 6, 1, 2]
Recurso por periodo:  151
Tempo por periodo:  153
Evaluation:  1050
Solution:  [9, 5, 4, 0, 7, 8, 3, 6, 1, 2]
Check True
Num Periods:  9
Periods Used:  7



File: data/inputs/sm11.txt | Method: MILP
Best value: 1963.0
Mean value: 1963.0
Best solution: [12, 18, 0, 2, 16, 8, 19, 7, 9, 1, 10, 5, 14, 13, 3, 15, 6, 17, 4, 11]
Recurso por periodo:  199
Tempo por periodo:  161
Evaluation:  2072
Solution:  [12, 18, 0, 2, 16, 8, 19, 7, 9, 1, 10, 5, 14, 13, 3, 15, 6, 17, 4, 11]
Check True
Num Periods:  15
Periods Used:  13



File: data/inputs/sm21.txt | Method: MILP
